RUN	com.gatling.tests.CRUD	crud	1658091139587	sdf	3.6.1
USER	CRUD	START	1658091140229
USER	CRUD	START	1658091140229
USER	CRUD	START	1658091140229
USER	CRUD	START	1658091140229
USER	CRUD	START	1658091140229
REQUEST		Booking - GenerateToken	1658091140261	1658091140284	OK	 
REQUEST		Booking - GenerateToken	1658091140261	1658091140286	OK	 
REQUEST		Booking - GenerateToken	1658091140261	1658091140284	OK	 
REQUEST		Booking - GenerateToken	1658091140261	1658091140294	OK	 
REQUEST		Booking - GenerateToken	1658091140262	1658091140284	OK	 
REQUEST		Booking - CreateBooking	1658091142325	1658091142343	OK	 
REQUEST		Booking - CreateBooking	1658091142325	1658091142344	OK	 
REQUEST		Booking - CreateBooking	1658091142325	1658091142334	OK	 
REQUEST		Booking - CreateBooking	1658091142325	1658091142342	OK	 
REQUEST		Booking - CreateBooking	1658091142325	1658091142338	OK	 
REQUEST		Booking - GetBooking	1658091145395	1658091145405	OK	 
REQUEST		Booking - GetBooking	1658091145395	1658091145410	OK	 
REQUEST		Booking - GetBooking	1658091145398	1658091145412	OK	 
REQUEST		Booking - GetBooking	1658091145398	1658091145412	OK	 
REQUEST		Booking - GetBooking	1658091145398	1658091145414	OK	 
REQUEST		Booking - UpdateBooking	1658091147416	1658091147433	OK	 
REQUEST		Booking - UpdateBooking	1658091147416	1658091147434	OK	 
REQUEST		Booking - UpdateBooking	1658091147416	1658091147437	OK	 
REQUEST		Booking - UpdateBooking	1658091147416	1658091147438	OK	 
REQUEST		Booking - UpdateBooking	1658091147431	1658091147440	OK	 
REQUEST		Booking - DeleteBooking	1658091149444	1658091149458	OK	 
REQUEST		Booking - DeleteBooking	1658091149444	1658091149458	OK	 
REQUEST		Booking - DeleteBooking	1658091149444	1658091149460	OK	 
USER	CRUD	END	1658091149460
USER	CRUD	END	1658091149460
USER	CRUD	END	1658091149461
REQUEST		Booking - DeleteBooking	1658091149444	1658091149462	OK	 
USER	CRUD	END	1658091149463
REQUEST		Booking - DeleteBooking	1658091149444	1658091149465	OK	 
USER	CRUD	END	1658091149466
